<?xml version="1.0" encoding="UTF-8"?>
<!-- Generated by org.testng.reporters.JUnitReportReporter -->
<testsuite hostname="LAPTOP-E0DJVIBD" failures="0" tests="3" name="com.guru.testcases.NewCustomerPageTest" time="51.887" errors="0" timestamp="2022-04-25T23:40:00 IST" skipped="0">
  <testcase classname="com.guru.testcases.NewCustomerPageTest" name="verifyHederTest" time="17.125"/>
  <system-out/>
  <testcase classname="com.guru.testcases.NewCustomerPageTest" name="verifyTitleTest" time="16.817"/>
  <system-out/>
  <testcase classname="com.guru.testcases.NewCustomerPageTest" name="verifyRegistrationForm" time="17.945"/>
  <system-out/>
</testsuite> <!-- com.guru.testcases.NewCustomerPageTest -->
