<?xml version="1.0" encoding="UTF-8"?>
<!-- Generated by org.testng.reporters.JUnitReportReporter -->
<testsuite hostname="LAPTOP-E0DJVIBD" failures="0" tests="5" name="com.guru.testcases.HomePageTest" time="38.140" errors="0" timestamp="2022-05-03T22:44:29 IST" skipped="0">
  <testcase classname="com.guru.testcases.HomePageTest" name="verifyTitleTest" time="8.479"/>
  <system-out/>
  <testcase classname="com.guru.testcases.HomePageTest" name="verifyManagerIDTest" time="8.530"/>
  <system-out/>
  <testcase classname="com.guru.testcases.HomePageTest" name="verifyNewCustomerTest" time="7.291"/>
  <system-out/>
  <testcase classname="com.guru.testcases.HomePageTest" name="verifyEditCustomerTest" time="6.616"/>
  <system-out/>
  <testcase classname="com.guru.testcases.HomePageTest" name="verifyDeleteCustomerTest" time="7.224"/>
  <system-out/>
</testsuite> <!-- com.guru.testcases.HomePageTest -->
