<?xml version="1.0" encoding="UTF-8"?>
<!-- Generated by org.testng.reporters.JUnitReportReporter -->
<testsuite hostname="LAPTOP-E0DJVIBD" failures="0" tests="3" name="com.guru.testcases.LoginPageTest" time="38.710" errors="0" timestamp="2022-04-26T11:54:25 IST" skipped="0">
  <testcase classname="com.guru.testcases.LoginPageTest" name="loginPageTitleTest" time="9.189"/>
  <system-out/>
  <testcase classname="com.guru.testcases.LoginPageTest" name="logoTest" time="15.456"/>
  <system-out/>
  <testcase classname="com.guru.testcases.LoginPageTest" name="loginTest" time="14.065"/>
  <system-out/>
</testsuite> <!-- com.guru.testcases.LoginPageTest -->
