<?xml version="1.0" encoding="UTF-8"?>
<!-- Generated by org.testng.reporters.JUnitReportReporter -->
<testsuite hostname="LAPTOP-E0DJVIBD" failures="0" tests="1" name="extentReportTestNG.DemoExtentReporter" time="0.631" errors="0" timestamp="2022-04-25T23:40:37 IST" skipped="0">
  <testcase classname="extentReportTestNG.DemoExtentReporter" name="run" time="0.631"/>
  <system-out/>
</testsuite> <!-- extentReportTestNG.DemoExtentReporter -->
