<?xml version="1.0" encoding="UTF-8"?>
<!-- Generated by org.testng.reporters.JUnitReportReporter -->
<testsuite hostname="LAPTOP-E0DJVIBD" failures="0" tests="1" name="com.guru.qa.base.TestBase" time="12.633" errors="0" timestamp="2022-04-24T17:46:53 IST" skipped="0">
  <testcase classname="com.guru.qa.base.TestBase" name="initialization" time="12.633"/>
  <system-out/>
</testsuite> <!-- com.guru.qa.base.TestBase -->
